<?xml version="1.0" encoding="UTF-8"?>
<testng-results skipped="0" failed="0" total="2" passed="2">
  <reporter-output>
  </reporter-output>
  <suite name="Default suite" duration-ms="28262" started-at="2020-07-07T17:55:32Z" finished-at="2020-07-07T17:56:00Z">
    <groups>
    </groups>
    <test name="Default test" duration-ms="28262" started-at="2020-07-07T17:55:32Z" finished-at="2020-07-07T17:56:00Z">
      <class name="SeleniumMethods.Sel_39_TesNg">
        <test-method status="PASS" signature="setUp()[pri:0, instance:SeleniumMethods.Sel_39_TesNg@4411d970]" name="setUp" is-config="true" duration-ms="12708" started-at="2020-07-07T12:55:32Z" finished-at="2020-07-07T12:55:45Z">
          <reporter-output>
          </reporter-output>
        </test-method> <!-- setUp -->
        <test-method status="PASS" signature="getTitle()[pri:0, instance:SeleniumMethods.Sel_39_TesNg@4411d970]" name="getTitle" duration-ms="1168" started-at="2020-07-07T12:55:45Z" finished-at="2020-07-07T12:55:46Z">
          <reporter-output>
          </reporter-output>
        </test-method> <!-- getTitle -->
        <test-method status="PASS" signature="tearDown()[pri:0, instance:SeleniumMethods.Sel_39_TesNg@4411d970]" name="tearDown" is-config="true" duration-ms="275" started-at="2020-07-07T12:55:46Z" finished-at="2020-07-07T12:55:46Z">
          <reporter-output>
          </reporter-output>
        </test-method> <!-- tearDown -->
        <test-method status="PASS" signature="setUp()[pri:0, instance:SeleniumMethods.Sel_39_TesNg@4411d970]" name="setUp" is-config="true" duration-ms="11195" started-at="2020-07-07T12:55:46Z" finished-at="2020-07-07T12:55:57Z">
          <reporter-output>
          </reporter-output>
        </test-method> <!-- setUp -->
        <test-method status="PASS" signature="invalidCredentials()[pri:0, instance:SeleniumMethods.Sel_39_TesNg@4411d970]" name="invalidCredentials" duration-ms="2548" started-at="2020-07-07T12:55:57Z" finished-at="2020-07-07T12:56:00Z">
          <reporter-output>
          </reporter-output>
        </test-method> <!-- invalidCredentials -->
        <test-method status="PASS" signature="tearDown()[pri:0, instance:SeleniumMethods.Sel_39_TesNg@4411d970]" name="tearDown" is-config="true" duration-ms="259" started-at="2020-07-07T12:56:00Z" finished-at="2020-07-07T12:56:00Z">
          <reporter-output>
          </reporter-output>
        </test-method> <!-- tearDown -->
      </class> <!-- SeleniumMethods.Sel_39_TesNg -->
    </test> <!-- Default test -->
  </suite> <!-- Default suite -->
</testng-results>
